<?xml version="1.0" encoding="UTF-8"?>
<!-- Generated by org.testng.reporters.JUnitReportReporter -->
<testsuite hostname="Ravi-PC" name="day26.Login" tests="1" failures="0" timestamp="17 May 2017 16:17:09 GMT" time="24.026" errors="0">
  <testcase name="loginTest" time="24.026" classname="day26.Login"/>
</testsuite> <!-- day26.Login -->
