<?xml version="1.0" encoding="UTF-8"?>
<!-- Generated by org.testng.reporters.JUnitReportReporter -->
<testsuite hostname="Ravi-PC" name="selenium.javascriptexcuted" tests="1" failures="0" timestamp="3 May 2017 15:32:06 GMT" time="7.259" errors="0">
  <testcase name="alertTest" time="7.259" classname="selenium.javascriptexcuted"/>
</testsuite> <!-- selenium.javascriptexcuted -->
