<?xml version="1.0" encoding="UTF-8"?>
<!-- Generated by org.testng.reporters.JUnitReportReporter -->
<testsuite hostname="Ravi-PC" name="selenium.autoframe" tests="1" failures="0" timestamp="3 May 2017 06:51:31 GMT" time="1.244" errors="0">
  <testcase name="framesTest" time="1.244" classname="selenium.autoframe"/>
</testsuite> <!-- selenium.autoframe -->
