<?xml version="1.0" encoding="UTF-8"?>
<!-- Generated by org.testng.reporters.JUnitReportReporter -->
<testsuite hostname="Ravi-PC" name="selenium.automatingradiobutton" tests="1" failures="0" timestamp="3 May 2017 15:18:27 GMT" time="4.333" errors="0">
  <testcase name="radioButtonTest" time="4.333" classname="selenium.automatingradiobutton"/>
</testsuite> <!-- selenium.automatingradiobutton -->
