<?xml version="1.0" encoding="UTF-8"?>
<!-- Generated by org.testng.reporters.JUnitReportReporter -->
<testsuite hostname="Ravi-PC" name="selenium.WEBDRIVERWAIT" tests="1" failures="0" timestamp="1 May 2017 14:15:45 GMT" time="37.040" errors="0">
  <testcase name="WaitTest" time="37.040" classname="selenium.WEBDRIVERWAIT"/>
</testsuite> <!-- selenium.WEBDRIVERWAIT -->
