<?xml version="1.0" encoding="UTF-8"?>
<!-- Generated by org.testng.reporters.JUnitReportReporter -->
<testsuite hostname="Ravi-PC" name="selenium.popup" tests="1" failures="0" timestamp="1 May 2017 17:24:47 GMT" time="111.360" errors="0">
  <testcase name="tabandpopTest" time="111.360" classname="selenium.popup"/>
</testsuite> <!-- selenium.popup -->
