<?xml version="1.0" encoding="UTF-8"?>
<!-- Generated by org.testng.reporters.JUnitReportReporter -->
<testsuite hostname="Ravi-PC" name="datadriven1" tests="1" failures="0" timestamp="12 May 2017 06:56:25 GMT" time="14.132" errors="0">
  <testcase name="registratio" time="14.132" classname="datadriven1"/>
</testsuite> <!-- datadriven1 -->
