<?xml version="1.0" encoding="UTF-8"?>
<!-- Generated by org.testng.reporters.JUnitReportReporter -->
<testsuite hostname="Ravi-PC" name="selenium.impict" tests="1" failures="0" timestamp="1 May 2017 14:12:07 GMT" time="116.424" errors="0">
  <testcase name="waitTest" time="116.424" classname="selenium.impict"/>
</testsuite> <!-- selenium.impict -->
