<?xml version="1.0" encoding="UTF-8"?>
<!-- Generated by org.testng.reporters.JUnitReportReporter -->
<testsuite hostname="Ravi-PC" name="selenium.rightcickproram" tests="1" failures="0" timestamp="3 May 2017 07:14:54 GMT" time="2.568" errors="0">
  <testcase name="rightclickTest" time="2.568" classname="selenium.rightcickproram"/>
</testsuite> <!-- selenium.rightcickproram -->
