<?xml version="1.0" encoding="UTF-8"?>
<!-- Generated by org.testng.reporters.JUnitReportReporter -->
<testsuite hostname="Ravi-PC" name="datadriventesting2$datadriven1" tests="1" failures="0" timestamp="12 May 2017 17:03:40 GMT" time="98.022" errors="0">
  <testcase name="registratio" time="98.022" classname="datadriventesting2$datadriven1"/>
</testsuite> <!-- datadriventesting2$datadriven1 -->
