<?xml version="1.0" encoding="UTF-8"?>
<!-- Generated by org.testng.reporters.JUnitReportReporter -->
<testsuite hostname="Ravi-PC" name="selenium.mouseover" tests="1" failures="0" timestamp="3 May 2017 07:08:46 GMT" time="1.964" errors="0">
  <testcase name="mouseoverTest" time="1.964" classname="selenium.mouseover"/>
</testsuite> <!-- selenium.mouseover -->
