<?xml version="1.0" encoding="UTF-8"?>
<!-- Generated by org.testng.reporters.JUnitReportReporter -->
<testsuite hostname="Ravi-PC" name="DynamicWebtable" tests="1" failures="0" timestamp="10 May 2017 09:18:31 GMT" time="21.190" errors="0">
  <testcase name="webtableTest" time="21.190" classname="DynamicWebtable"/>
</testsuite> <!-- DynamicWebtable -->
