<?xml version="1.0" encoding="UTF-8"?>
<!-- Generated by org.testng.reporters.JUnitReportReporter -->
<testsuite hostname="Ravi-PC" name="selenium.draganddrop" tests="1" failures="0" timestamp="3 May 2017 14:31:21 GMT" time="1.989" errors="0">
  <testcase name="dragAnddropTest" time="1.989" classname="selenium.draganddrop"/>
</testsuite> <!-- selenium.draganddrop -->
